>seq4
GGGAAGUGCUUCGGCCUUUCC
((((((.(((..)))))))))    0.00    Type0
.(((((((((..)))))))))    1.61    Type1
>seq11
GGAAAGUGCUUCGGCCUUUUC
((((((.(((..)))))))))    0.00    Type0
.(((((((((..)))))))))    1.61    Type1
>seq12
GGAAGGUGCUUCGGCCCUUUC
((((((.(((..)))))))))    0.00    Type0
.(((((((((..)))))))))    1.61    Type1
>seq15
GGAGGGUGCUUCGGCCUCUUC
((((((.(((..)))))))))    0.00    Type0
.(((((((((..)))))))))    1.61    Type1
>seq16
GGAGAGUGCUUCGGCCUUUUC
((((((.(((..)))))))))    0.00    Type0
.(((((((((..)))))))))    1.61    Type1
>seq19
GGGGAGUGCUUCGGCCUUCUC
((((((.(((..)))))))))    0.00    Type0
.(((((((((..)))))))))    1.61    Type1
>seq1
GGGGAGUGCUUCGGCCUUCCC
((((((.(((..)))))))))    0.00    Type0
.(((((((((..)))))))))    1.62    Type1
>seq5
GGGAGGUGCUUCGGCCCUUCC
((((((.(((..)))))))))    0.00    Type0
.(((((((((..)))))))))    1.62    Type1
>seq14
GGAGGGUGCUUCGGCCCCUUC
((((((.(((..)))))))))    0.00    Type0
.(((((((((..)))))))))    1.62    Type1
>seq18
GGAGGGUGCUUCGGCCUUUUC
((((((.(((..)))))))))    0.00    Type0
.(((((((((..)))))))))    1.63    Type1
>seq6
GGGAGGUGCUUCGGCCUUUCC
((((((.(((..)))))))))    0.00    Type0
.(((((((((..)))))))))    1.64    Type1
>seq8
GGGGAGUGCUUCGGCCUUUCC
((((((.(((..)))))))))    0.00    Type0
.(((((((((..)))))))))    1.64    Type1
>seq13
GGAAGGUGCUUCGGCCUUUUC
((((((.(((..)))))))))    0.00    Type0
.(((((((((..)))))))))    1.64    Type1
>seq17
GGAGGGUGCUUCGGCCCUUUC
((((((.(((..)))))))))    0.00    Type0
.(((((((((..)))))))))    1.64    Type1
>seq21
GGGAAGUGCUUCGGCCUUUUC
((((((.(((..)))))))))    0.00    Type0
.(((((((((..)))))))))    1.64    Type1
>seq22
GGGAGGUGCUUCGGCCCUUUC
((((((.(((..)))))))))    0.00    Type0
.(((((((((..)))))))))    1.64    Type1
>seq26
GGGGAGUGCUUCGGCCUUUUC
((((((.(((..)))))))))    0.00    Type0
.(((((((((..)))))))))    1.64    Type1
>seq3
GGGGGGUGCUUCGGCCUUCCC
((((((.(((..)))))))))    0.00    Type0
.(((((((((..)))))))))    1.66    Type1
>seq9
GGGGGGUGCUUCGGCCCUUCC
((((((.(((..)))))))))    0.00    Type0
.(((((((((..)))))))))    1.66    Type1
>seq10
GGGGGGUGCUUCGGCCUUUCC
((((((.(((..)))))))))    0.00    Type0
.(((((((((..)))))))))    1.66    Type1
>seq20
GGGGGGUGCUUCGGCCUUCUC
((((((.(((..)))))))))    0.00    Type0
.(((((((((..)))))))))    1.66    Type1
>seq23
GGGAGGUGCUUCGGCCUUUUC
((((((.(((..)))))))))    0.00    Type0
.(((((((((..)))))))))    1.66    Type1
>seq24
GGGGGGUGCUUCGGCCCCUUC
((((((.(((..)))))))))    0.00    Type0
.(((((((((..)))))))))    1.66    Type1
>seq25
GGGGGGUGCUUCGGCCUCUUC
((((((.(((..)))))))))    0.00    Type0
.(((((((((..)))))))))    1.66    Type1
>seq27
GGGGGGUGCUUCGGCCCUUUC
((((((.(((..)))))))))    0.00    Type0
.(((((((((..)))))))))    1.66    Type1
>seq2
GGGGGGUGCUUCGGCCCUCCC
((((((.(((..)))))))))    0.00    Type0
.(((((((((..)))))))))    1.67    Type1
>seq7
GGGGGGUGCUUCGGCCCCUCC
((((((.(((..)))))))))    0.00    Type0
.(((((((((..)))))))))    1.67    Type1
