>seq121
GGCGCGCUAGGAAGGGCAACUUUCAACACGCGCC
((((((.(((((((((..)))))))).)))))))    0.00    Type0
(((((((((((((((...))))))))).))))))    0.10    Type1
>seq77
GGCGCGUACGGAAGGGCAACUUUCAUACCGCGCC
((((((((((((((((..))))))))))))))))    0.00    Type0
(((((((((((((((...)))))))))).)))))    0.27    Type1
>seq75
GGCGCGUAUGGAAGGGCAACUUUCACACCGCGCC
((((((((((((((((..))))))))))))))))    0.00    Type0
(((((((((((((((...)))))))))).)))))    0.43    Type1
>seq61
GGCGCGACAGGAAGGGCAACUUUCAAUCCGCGCC
(((((((.((((((((..))))))))).))))))    0.00    Type0
(((((((((((((((...))))))))).))))))    0.46    Type1
>seq25
GGCGCGACAGGAAGGGCAACUUUCAAUACGCGCC
(((((((.((((((((..))))))).))))))))    0.00    Type0
(((((((((((((((...))))))))).))))))    0.51    Type1
>seq5
GGCGCGAACGGAAGGGCAACUUUCAUAACGCGCC
((((((((.(((((((..)))))))).)))))))    0.00    Type0
(((((((((((((((...)))))))).)))))))    0.81    Type1
>seq171
GGCGCGCCUGGAAGGGCAACUUUCACUUCGCGCC
((((((((((((((((..))))))))))))))))    0.00    Type0
(((((((((((((((...)))))))).)))))))    0.98    Type1
>seq207
GGCGCGCCUGGAAGGGCAACUUUCACUCCGCGCC
((((((((((((((((..))))))))))))))))    0.00    Type0
(((((((((((((((...)))))))).)))))))    1.14    Type1
>seq26
GGCGCGACAGGAAGGGCAACUUUCACUACGCGCC
(((((((.((((((((..)))))).)))))))))    0.00    Type0
(((((((((((((((...))))))))).))))))    1.20    Type1
>seq62
GGCGCGACAGGAAGGGCAACUUUCACUCCGCGCC
((((((.(((((((((..)))))).)))))))))    0.00    Type0
(((((((((((((((...))))))))).))))))    1.23    Type1
>seq99
GGCGCGUCUGGAAGGGCAACUUUCACUCCGCGCC
((((((((((((((((..))))))))))))))))    0.00    Type0
(((((((((((((((...)))))))))).)))))    1.33    Type1
>seq135
GGCGCGCCUGGAAGGGCAACUUUCACUACGCGCC
((((((((((((((((..))))))))))))))))    0.00    Type0
(((((((((((((((...)))))))).)))))))    1.34    Type1
>seq155
GGCGCGCACGGAAGGGCAACUUUCAUCUCGCGCC
((((((((((((((((..))))))))))))))))    0.00    Type0
(((((((((((((((...))))))))).))))))    1.41    Type1
>seq92
GGCGCGUCAGGAAGGGCAACUUUCACACCGCGCC
((((((((((((((((..))))))))))))))))    0.00    Type0
(((((((((((((((...)))))))))).)))))    1.43    Type1
>seq115
GGCGCGCAAGGAAGGGCAACUUUCAACACGCGCC
(((((((.((((((((..)))))))).)))))))    0.00    Type0
(((((((((((((((...)))))))).)))))))    1.46    Type1
>seq187
GGCGCGCAAGGAAGGGCAACUUUCAACCCGCGCC
(((((((.((((((((..)))))))).)))))))    0.00    Type0
(((((((((((((((...)))))))).)))))))    1.46    Type1
>seq1
GGCGCGAAAGGAAGGGCAACUUUCAAAACGCGCC
(((((((.((((((((..)))))))).)))))))    0.00    Type0
(((((((((((((((...)))))))).)))))))    1.47    Type1
>seq7
GGCGCGAAAGGAAGGGCAACUUUCAACACGCGCC
(((((((.((((((((..)))))))).)))))))    0.00    Type0
(((((((((((((((...)))))))).)))))))    1.47    Type1
>seq153
GGCGCGCAUGGAAGGGCAACUUUCACCUCGCGCC
((((((((((((((((..))))))))))))))))    0.00    Type0
(((((((((((((((...)))))))).)))))))    1.47    Type1
>seq119
GGCGCGCACGGAAGGGCAACUUUCAUCACGCGCC
((((((((((((((((..))))))))))))))))    0.00    Type0
(((((((((((((((...))))))))).))))))    1.56    Type1
>seq159
GGCGCGCUUGGAAGGGCAACUUUCACCUCGCGCC
((((((((((((((((..))))))))))))))))    0.00    Type0
(((((((((((((((...)))))))).)))))))    1.56    Type1
>seq201
GGCGCGCCUGGAAGGGCAACUUUCACACCGCGCC
((((((((((((((((..))))))))))))))))    0.00    Type0
(((((((((((((((...)))))))).)))))))    1.62    Type1
>seq213
GGCGCGCCUGGAAGGGCAACUUUCACCCCGCGCC
((((((((((((((((..))))))))))))))))    0.00    Type0
(((((((((((((((...)))))))).)))))))    1.63    Type1
>seq21
GGCGCGACUGGAAGGGCAACUUUCACAACGCGCC
((((((((((((((((..))))))))))))))))    0.00    Type0
(((((((((((((((...)))))))).)))))))    1.67    Type1
>seq33
GGCGCGACUGGAAGGGCAACUUUCACCACGCGCC
((((((((((((((((..))))))))))))))))    0.00    Type0
(((((((((((((((...)))))))).)))))))    1.68    Type1
>seq43
GGCGCGAAAGGAAGGGCAACUUUCAACCCGCGCC
((((((((((((((((..))))))))))))))))    0.00    Type0
(((((((((((((((...)))))))).)))))))    1.71    Type1
>seq79
GGCGCGUAAGGAAGGGCAACUUUCAACCCGCGCC
((((((((((((((((..))))))))))))))))    0.00    Type0
(((((((((((((((...)))))))).)))))))    1.74    Type1
>seq160
GGCGCGCUCGGAAGGGCAACUUUCAACUCGCGCC
((((((((((((((((..))))))))))))))))    0.00    Type0
(((((((((((((((...))))))))).))))))    1.77    Type1
>seq117
GGCGCGCAUGGAAGGGCAACUUUCACCACGCGCC
((((((((((((((((..))))))))))))))))    0.00    Type0
(((((((((((((((...))))))))).))))))    1.81    Type1
>seq15
GGCGCGAUUGGAAGGGCAACUUUCACCACGCGCC
((((((((((((((((..))))))))))))))))    0.00    Type0
(((((((((((((((...)))))))).)))))))    1.83    Type1
>seq129
GGCGCGCCUGGAAGGGCAACUUUCACAACGCGCC
(((((((.((((((((..)))))).)))))))))    0.00    Type0
(((((((((((((((...)))))))).)))))))    1.84    Type1
>seq165
GGCGCGCCUGGAAGGGCAACUUUCACAUCGCGCC
((((((((((((((((..))))))))))))))))    0.00    Type0
(((((((((((((((...)))))))).)))))))    1.84    Type1
>seq3
GGCGCGAAUGGAAGGGCAACUUUCACAACGCGCC
(((((((.((((((((..)))))).)))))))))    0.00    Type0
(((((((((((((((...)))))))).)))))))    1.85    Type1
>seq141
GGCGCGCCUGGAAGGGCAACUUUCACCACGCGCC
((((((((((((((((..))))))))))))))))    0.00    Type0
(((((((((((((((...)))))))).)))))))    1.86    Type1
>seq123
GGCGCGCUUGGAAGGGCAACUUUCACCACGCGCC
((((((((((((((((..))))))))))))))))    0.00    Type0
(((((((((((((((...)))))))).)))))))    1.88    Type1
>seq57
GGCGCGACUGGAAGGGCAACUUUCACACCGCGCC
((((((((((((((((..))))))))))))))))    0.00    Type0
(((((((((((((((...)))))))))).)))))    1.89    Type1
>seq177
GGCGCGCCUGGAAGGGCAACUUUCACCUCGCGCC
((((((((((((((((..))))))))))))))))    0.00    Type0
(((((((((((((((...))))))))).))))))    1.89    Type1
>seq64
GGCGCGACCGGAAGGGCAACUUUCAAUCCGCGCC
((((((((((((((((..))))))))))))))))    0.00    Type0
(((((((((((((((...))))))))).))))))    1.94    Type1
>seq191
GGCGCGCACGGAAGGGCAACUUUCAUCCCGCGCC
((((((((((((((((..))))))))))))))))    0.00    Type0
(((((((((((((((...)))))))).)))))))    1.94    Type1
>seq11
GGCGCGAACGGAAGGGCAACUUUCAUCACGCGCC
((((((((((((((((..))))))))))))))))    0.00    Type0
(((((((((((((((...)))))))).)))))))    1.97    Type1
>seq47
GGCGCGAACGGAAGGGCAACUUUCAUCCCGCGCC
((((((((((((((((..))))))))))))))))    0.00    Type0
(((((((((((((((...))))))))).))))))    1.98    Type1
>seq53
GGCGCGAUCGGAAGGGCAACUUUCAUCCCGCGCC
((((((((((((((((..))))))))))))))))    0.00    Type0
((((((((.((((((...)))))))))..)))))    1.98    Type1
>seq28
GGCGCGACCGGAAGGGCAACUUUCAAUACGCGCC
((((((((((((((((..))))))))))))))))    0.00    Type0
(((((((((((((((...))))))))).))))))    1.99    Type1
>seq65
GGCGCGACCGGAAGGGCAACUUUCAUUCCGCGCC
((((((((((((((((..))))))))))))))))    0.00    Type0
(((((((((((((((...))))))))).))))))    1.99    Type1
>seq51
GGCGCGAUUGGAAGGGCAACUUUCACCCCGCGCC
((((((((((((((((..))))))))))))))))    0.00    Type0
(((((((((((((((...)))))))).)))))))    2.01    Type1
>seq69
GGCGCGACUGGAAGGGCAACUUUCACCCCGCGCC
((((((((((((((((..))))))))))))))))    0.00    Type0
(((((((((((((((...)))))))).)))))))    2.01    Type1
>seq83
GGCGCGUACGGAAGGGCAACUUUCAUCCCGCGCC
((((((((((((((((..))))))))))))))))    0.00    Type0
(((((((((((((((...))))))))).))))))    2.01    Type1
>seq189
GGCGCGCAUGGAAGGGCAACUUUCACCCCGCGCC
((((((((((((((((..))))))))))))))))    0.00    Type0
(((((((((((((((...)))))))).)))))))    2.02    Type1
>seq29
GGCGCGACCGGAAGGGCAACUUUCAUUACGCGCC
((((((((((((((((..))))))))))))))))    0.00    Type0
(((((((((((((((...))))))))).))))))    2.04    Type1
>seq105
GGCGCGUCUGGAAGGGCAACUUUCACCCCGCGCC
((((((((((((((((..))))))))))))))))    0.00    Type0
(((((((((((((((...)))))))).)))))))    2.04    Type1
>seq9
GGCGCGAAUGGAAGGGCAACUUUCACCACGCGCC
((((((((((((((((..))))))))))))))))    0.00    Type0
(((((((((((((((...)))))))).)))))))    2.05    Type1
>seq66
GGCGCGACCGGAAGGGCAACUUUCACUCCGCGCC
((((((((((((((((..))))))))))))))))    0.00    Type0
(((((((((((((((...))))))))).))))))    2.05    Type1
>seq195
GGCGCGCUUGGAAGGGCAACUUUCACCCCGCGCC
((((((((((((((((..))))))))))))))))    0.00    Type0
(((((((((((((((...)))))))).)))))))    2.05    Type1
>seq124
GGCGCGCUCGGAAGGGCAACUUUCAACACGCGCC
((((((((((((((((..))))))))))))))))    0.00    Type0
(((((((((((((((...))))))))).))))))    2.06    Type1
>seq181
GGCGCGCAAGGAAGGGCAACUUUCAAACCGCGCC
((((((((((((((((..))))))))))))))))    0.00    Type0
(((((((((((((((...)))))))).)))))))    2.08    Type1
>seq41
GGCGCGAACGGAAGGGCAACUUUCAUACCGCGCC
((((((((((((((((..))))))))))))))))    0.00    Type0
(((((((((((((((...)))))))))).)))))    2.09    Type1
>seq163
GGCGCGCCAGGAAGGGCAACUUUCAAAUCGCGCC
((((((((((((((((..))))))))))))))))    0.00    Type0
(((((((((((((((...)))))))).)))))))    2.09    Type1
>seq30
GGCGCGACCGGAAGGGCAACUUUCACUACGCGCC
((((((((((((((((..))))))))))))))))    0.00    Type0
(((((((((((((((...))))))))).))))))    2.10    Type1
>seq55
GGCGCGACAGGAAGGGCAACUUUCAAACCGCGCC
((((((((((((((((..))))))))))))))))    0.00    Type0
(((((((((((((((...))))))).))))))))    2.10    Type1
>seq73
GGCGCGUAAGGAAGGGCAACUUUCAAACCGCGCC
((((((((((((((((..))))))))))))))))    0.00    Type0
(((((((((((((((...))))))).))))))))    2.10    Type1
>seq127
GGCGCGCCAGGAAGGGCAACUUUCAAAACGCGCC
((((((((((((((((..))))))))))))))))    0.00    Type0
(((((((((((((((...))))))).))))))))    2.10    Type1
>seq139
GGCGCGCCAGGAAGGGCAACUUUCAACACGCGCC
((((((((((((((((..))))))))))))))))    0.00    Type0
(((((((((((((((...))))))).))))))))    2.10    Type1
>seq169
GGCGCGCCAGGAAGGGCAACUUUCAAUUCGCGCC
((((((..((((((((..))))))).).))))))    0.00    Type0
(((((((((((((((...)))))))).)))))))    2.10    Type1
>seq199
GGCGCGCCAGGAAGGGCAACUUUCAAACCGCGCC
(((((((.((((((((..)))))))).)))))))    0.00    Type0
(((((((.(((((((...)))))))..)))))))    2.10    Type1
>seq211
GGCGCGCCAGGAAGGGCAACUUUCAACCCGCGCC
(((((((.((((((((..)))))))).)))))))    0.00    Type0
(((((((.(((((((...)))))))..)))))))    2.10    Type1
>seq19
GGCGCGACAGGAAGGGCAACUUUCAAAACGCGCC
(((((((.((((((((..)))))))).)))))))    0.00    Type0
(((((((.(((((((...)))))))..)))))))    2.11    Type1
>seq31
GGCGCGACAGGAAGGGCAACUUUCAACACGCGCC
(((((((.((((((((..)))))))).)))))))    0.00    Type0
(((((((.(((((((...)))))))..)))))))    2.11    Type1
>seq37
GGCGCGAAAGGAAGGGCAACUUUCAAACCGCGCC
((((((((((((((((..))))))))))))))))    0.00    Type0
(((((((((((((((...))))))).))))))))    2.11    Type1
>seq67
GGCGCGACAGGAAGGGCAACUUUCAACCCGCGCC
((((((((((((((((..))))))))))))))))    0.00    Type0
(((((((((((((((...))))))).))))))))    2.11    Type1
>seq103
GGCGCGUCAGGAAGGGCAACUUUCAACCCGCGCC
((((((((((((((((..))))))))))))))))    0.00    Type0
(((((((((((((((...))))))).))))))))    2.11    Type1
>seq109
GGCGCGCAAGGAAGGGCAACUUUCAAAACGCGCC
((((((((((((((((..))))))))))))))))    0.00    Type0
(((((((((((((((...))))))).))))))))    2.11    Type1
>seq145
GGCGCGCAAGGAAGGGCAACUUUCAAAUCGCGCC
((((((((((((((((..))))))))))))))))    0.00    Type0
(((((((((((((((...))))))).))))))))    2.11    Type1
>seq151
GGCGCGCAAGGAAGGGCAACUUUCAACUCGCGCC
((((((.(((((((((..)))))))).)))))))    0.00    Type0
((((((.((((((((...)))))))..)))))))    2.11    Type1
>seq97
GGCGCGUCAGGAAGGGCAACUUUCAAUCCGCGCC
(((((((.((((((((..))))))).))))))))    0.00    Type0
(((((((((((((((...)))))))))).)))))    2.15    Type1
>seq45
GGCGCGAAUGGAAGGGCAACUUUCACCCCGCGCC
((((((((((((((((..))))))))))))))))    0.00    Type0
(((((((((((((((...)))))))).)))))))    2.18    Type1
>seq39
GGCGCGAAUGGAAGGGCAACUUUCACACCGCGCC
((((((((((((((((..))))))))))))))))    0.00    Type0
(((((((((((((((...)))))))).)))))))    2.25    Type1
>seq52
GGCGCGAUCGGAAGGGCAACUUUCAACCCGCGCC
((((((((((((((((..))))))))))))))))    0.00    Type0
(((((((((((((((...))))))))).))))))    2.26    Type1
>seq16
GGCGCGAUCGGAAGGGCAACUUUCAACACGCGCC
((((((((((((((((..))))))))))))))))    0.00    Type0
(((((((((((((((...))))))))).))))))    2.28    Type1
>seq87
GGCGCGUUUGGAAGGGCAACUUUCACCCCGCGCC
((((((((((((((((..))))))))))))))))    0.00    Type0
(((((((((((((((...))))))))).))))))    2.28    Type1
>seq111
GGCGCGCAUGGAAGGGCAACUUUCACAACGCGCC
((((((((((((((((..))))))))))))))))    0.00    Type0
(((((((((((((((...))))))).))))))))    2.28    Type1
>seq183
GGCGCGCAUGGAAGGGCAACUUUCACACCGCGCC
((((((((((((((((..))))))))))))))))    0.00    Type0
(((((((((((((((...))))))).))))))))    2.28    Type1
>seq196
GGCGCGCUCGGAAGGGCAACUUUCAACCCGCGCC
((((((((((((((((..))))))))))))))))    0.00    Type0
(((((((((((((((...)))))))).)))))))    2.28    Type1
>seq81
GGCGCGUAUGGAAGGGCAACUUUCACCCCGCGCC
((((((((((((((((..))))))))))))))))    0.00    Type0
(((((((((((((((...))))))))).))))))    2.29    Type1
>seq185
GGCGCGCACGGAAGGGCAACUUUCAUACCGCGCC
((((((((((((((((..))))))))))))))))    0.00    Type0
(((((((((((((((...)))))))).)))))))    2.29    Type1
>seq2
GGCGCGAAAGGAAGGGCAACUUUCACAACGCGCC
((((((((((((((((..))))))))))))))))    0.00    Type0
(((((((.(((((((...)))))))..)))))))    2.31    Type1
>seq88
GGCGCGUUCGGAAGGGCAACUUUCAACCCGCGCC
((((((((((((((((..))))))))))))))))    0.00    Type0
(((((((((((((((...))))))))).))))))    2.31    Type1
>seq149
GGCGCGCACGGAAGGGCAACUUUCAUAUCGCGCC
((((((((((((((((..))))))))))))))))    0.00    Type0
(((((((((((((((...)))))))).)))))))    2.34    Type1
>seq95
GGCGCGUCCGGAAGGGCAACUUUCAUACCGCGCC
((((((((((((((((..))))))))))))))))    0.00    Type0
(((((((((((((((...)))))))))).)))))    2.36    Type1
>seq4
GGCGCGAACGGAAGGGCAACUUUCAAAACGCGCC
((((((((((((((((..))))))))))))))))    0.00    Type0
(((((((((((((((...)))))))).)))))))    2.37    Type1
>seq74
GGCGCGUAAGGAAGGGCAACUUUCACACCGCGCC
((((((((((((((((..))))))))))))))))    0.00    Type0
(((((((((((((((...)))))))))).)))))    2.37    Type1
>seq94
GGCGCGUCCGGAAGGGCAACUUUCAAACCGCGCC
((((((((((((((((..))))))))))))))))    0.00    Type0
(((((((((((((((...)))))))))).)))))    2.39    Type1
>seq17
GGCGCGAUCGGAAGGGCAACUUUCAUCACGCGCC
((((((((((((((((..))))))))))))))))    0.00    Type0
((((((((.((((((...)))))))))..)))))    2.40    Type1
>seq76
GGCGCGUACGGAAGGGCAACUUUCAAACCGCGCC
((((((((((((((((..))))))))))))))))    0.00    Type0
(((((((((((((((...)))))))))).)))))    2.41    Type1
>seq133
GGCGCGCCAGGAAGGGCAACUUUCAAUACGCGCC
(((((((.((((((((..))))))).))))))))    0.00    Type0
(((((((.(((((((...)))))))..)))))))    2.43    Type1
>seq205
GGCGCGCCAGGAAGGGCAACUUUCAAUCCGCGCC
(((((((.((((((((..))))))).))))))))    0.00    Type0
(((((((.(((((((...)))))))..)))))))    2.43    Type1
>seq96
GGCGCGUCCGGAAGGGCAACUUUCACACCGCGCC
((((((((((((((((..))))))))))))))))    0.00    Type0
(((((((((((((((...)))))))))).)))))    2.50    Type1
>seq175
GGCGCGCCAGGAAGGGCAACUUUCAACUCGCGCC
((((((..((((((((..))))))..))))))))    0.00    Type0
(((((((((((((((...))))))).))))))))    2.51    Type1
>seq113
GGCGCGCACGGAAGGGCAACUUUCAUAACGCGCC
((((((((((((((((..))))))))))))))))    0.00    Type0
(((((((((((((((...)))))))).)))))))    2.56    Type1
>seq170
GGCGCGCCAGGAAGGGCAACUUUCACUUCGCGCC
(((((((.((((((((..)))))).)))))))))    0.00    Type0
(((((((((((((((...)))))))).)))))))    2.84    Type1
