>seq1
AGCUUUCGCAAGGGAGA
.(((((((..))))))) 0 Type0
(((((((..))))))). 5.01 Type3
...((((((..)))))) 3.16 Type4
>seq2
AGCAUUCGCAAGGGUGA
.(((((((..))))))) 0 Type0
(((((((..))))))). 4.87 Type3
>seq3
AGCAUGCGCAAGUGUGA
.(((((((..))))))) 0 Type0
(((((((..))))))). 4.83 Type3
...((((((..)))))) 4.64 Type4
>seq4
AGCCUUCGCAAGGGGGA
.(((((((..))))))) 0 Type0
(((((((..))))))). 4.67 Type3
(((((((...))))))) 5.63 Type1
>seq5
AGCGUUCGCAAGAGCGA
.(((((((..))))))) 0 Type0
(((((((..))))))). 4.85 Type3
...((((((..)))))) 7.8 Type4
>seq6
AGCGUGCGCAAGCGCGA
.(((((((..))))))) 0 Type0
(((((((..))))))). 4.84 Type3
...((((((..)))))) 3.14 Type4
>seq7
AGCGUUCGCAAGGGCGA
.(((((((..))))))) 0 Type0
(((((((..))))))). 4.47 Type3
>seq8
AGUUUUCGCAAGGAAGA
.(((((((..))))))) 0 Type0
(((((((..))))))). 5.0 Type3
(((((((...))))))) 5.68 Type1
..((((((...)))))) 4.01 Type2
...((((((..)))))) 5.88 Type4
>seq9
AGUAUUCGCAAGGAUGA
.(((((((..))))))) 0 Type0
(((((((..))))))). 4.81 Type3
>seq10
AGUCUUCGCAAGGAGGA
.(((((((..))))))) 0 Type0
(((((((..))))))). 4.63 Type3
..((((((...)))))) 3.92 Type2
>seq11
AGUGUUCGCAAGAACGA
.(((((((..))))))) 0 Type0
(((((((..))))))). 4.85 Type3
>seq12
AGUGUGCGCAAGCACGA
.(((((((..))))))) 0 Type0
(((((((..))))))). 4.84 Type3
...((((((..)))))) 6.07 Type4
>seq13
AGUGUUCGCAAGGACGA
.(((((((..))))))) 0 Type0
(((((((..))))))). 4.43 Type3
>seq14
AGUGUGCGCAAGUACGA
.(((((((..))))))) 0 Type0
(((((((..))))))). 4.84 Type3
...((((((..)))))) 6.03 Type4
>seq15
AGUGUGCGCAAGCAUGA
.(((((((..))))))) 0 Type0
(((((((..))))))). 4.83 Type3
...((((((..)))))) 6.09 Type4
>seq16
AGGUUUCGCAAGGAAUA
.(((((((..))))))) 0 Type0
(((((((..))))))). 4.95 Type3
(((((((...))))))) 5.81 Type1
>seq17
AGGUGUAGCAAUGCAUA
.(((((((..))))))) 0 Type0
(((((((..))))))). 2.82 Type3
>seq18
AGGUGUCGCAAGGCAUA
.(((((((..))))))) 0 Type0
(((((((..))))))). 4.71 Type3
>seq19
AGGAUGCGCAAGUAUUA
.(((((((..))))))) 0 Type0
(((((((..))))))). 5.04 Type3
>seq20
AGGAAUCGCAAGGUUUA
.(((((((..))))))) 0 Type0
(((((((..))))))). 5.15 Type3
(((((((...))))))) 5.95 Type1
>seq21
AGGAAGCGCAAGUUUUA
.(((((((..))))))) 0 Type0
(((((((..))))))). 5.36 Type3
(((((((...))))))) 5.66 Type1
>seq22
AGGAGUAGCAAUGCUUA
.(((((((..))))))) 0 Type0
(((((((..))))))). 2.82 Type3
>seq23
AGGAGUCGCAAGGCUUA
.(((((((..))))))) 0 Type0
(((((((..))))))). 4.92 Type3
>seq24
AGGAGGAGCAAUUCUUA
.(((((((..))))))) 0 Type0
(((((((..))))))). 2.85 Type3
..((((((...)))))) 2.58 Type2
>seq25
AGGAGGCGCAAGUCUUA
.(((((((..))))))) 0 Type0
(((((((..))))))). 4.89 Type3
>seq26
AGGCUUCGCAAGGAGUA
.(((((((..))))))) 0 Type0
(((((((..))))))). 4.86 Type3
>seq27
AGGCAUCGCAAGGUGUA
.(((((((..))))))) 0 Type0
(((((((..))))))). 4.69 Type3
>seq28
AGGGUUCGCAAGAACUA
.(((((((..))))))) 0 Type0
(((((((..))))))). 5.0 Type3
(((((((...))))))) 5.88 Type1
>seq29
AGGGUGCGCAAGCACUA
.(((((((..))))))) 0 Type0
(((((((..))))))). 4.97 Type3
...((((((..)))))) 7.1 Type4
>seq30
AGGGUUCGCAAGGACUA
.(((((((..))))))) 0 Type0
(((((((..))))))). 4.75 Type3
(((((((...))))))) 5.77 Type1
>seq31
AGGGUGCGCAAGUACUA
.(((((((..))))))) 0 Type0
(((((((..))))))). 4.95 Type3
...((((((..)))))) 7.07 Type4
>seq32
AGGGAGCGCAAGCUCUA
.(((((((..))))))) 0 Type0
(((((((..))))))). 5.33 Type3
...((((((..)))))) 5.59 Type4
>seq33
AGGGAUCGCAAGGUCUA
.(((((((..))))))) 0 Type0
(((((((..))))))). 4.89 Type3
(((((((...))))))) 5.91 Type1
>seq34
AGGGAGCGCAAGUUCUA
.(((((((..))))))) 0 Type0
(((((((..))))))). 5.35 Type3
(((((((...))))))) 5.69 Type1
...((((((..)))))) 5.58 Type4
>seq35
AGGGGUAGCAAUACCUA
.(((((((..))))))) 0 Type0
(((((((..))))))). 2.59 Type3
(((((((...))))))) 5.92 Type1
>seq36
AGGGGGAGCAAUCCCUA
.(((((((..))))))) 0 Type0
(((((((..))))))). 2.95 Type3
(((((((...))))))) 3.9 Type1
..((((((...)))))) 6.96 Type2
>seq37
AGGGGUAGCAAUGCCUA
.(((((((..))))))) 0 Type0
(((((((..))))))). 2.48 Type3
(((((((...))))))) 5.8 Type1
>seq38
AGGGGGAGCAAUUCCUA
.(((((((..))))))) 0 Type0
(((((((..))))))). 2.92 Type3
(((((((...))))))) 3.88 Type1
..((((((...)))))) 2.66 Type2
>seq39
AGGGGGCGCAAGUCCUA
.(((((((..))))))) 0 Type0
(((((((..))))))). 4.97 Type3
(((((((...))))))) 5.68 Type1
...((((((..)))))) 6.88 Type4
>seq40
AGGGUGCGCAAGCAUUA
.(((((((..))))))) 0 Type0
(((((((..))))))). 4.98 Type3
>seq41
AGGGAGCGCAAGCUUUA
.(((((((..))))))) 0 Type0
(((((((..))))))). 5.28 Type3
...((((((..)))))) 5.53 Type4
>seq42
AGGGGGAGCAAUCCUUA
.(((((((..))))))) 0 Type0
(((((((..))))))). 2.92 Type3
(((((((...))))))) 3.9 Type1
..((((((...)))))) 6.96 Type2
>seq43
UGUUUUAGCAAUGAAAA
.(((((((..))))))) 0 Type0
(((((((..))))))). 4.66 Type3
(((((((...))))))) 4.48 Type1
..((((((...)))))) 2.79 Type2
>seq44
UGUUUUCGCAAGGAAAA
.(((((((..))))))) 0 Type0
(((((((..))))))). 4.66 Type3
(((((((...))))))) 4.33 Type1
..((((((...)))))) 4.0 Type2
...((((((..)))))) 5.88 Type4
>seq45
UGUUAUAGCAAUGUAAA
.(((((((..))))))) 0 Type0
(((((((..))))))). 4.49 Type3
>seq46
UGUUAUGGCAAUGUAAA
.(((((((..))))))) 0 Type0
(((((((..))))))). 1.68 Type3
..((((((...)))))) 6.15 Type2
>seq47
UGUUCUCGCAAGGGAAA
.(((((((..))))))) 0 Type0
(((((((..))))))). 4.73 Type3
(((((((...))))))) 4.43 Type1
...((((((..)))))) 5.8 Type4
>seq48
UGUUCUUGCAAGGGAAA
.(((((((..))))))) 0 Type0
(((((((..))))))). 1.27 Type3
(((((((...))))))) 1.42 Type1
>seq49
UGUUUUAGCAAUGGAAA
.(((((((..))))))) 0 Type0
(((((((..))))))). 4.65 Type3
(((((((...))))))) 4.48 Type1
..((((((...)))))) 2.95 Type2
...((((((..)))))) 5.99 Type4
>seq50
UGUUUUCGCAAGGGAAA
.(((((((..))))))) 0 Type0
(((((((..))))))). 4.65 Type3
(((((((...))))))) 4.32 Type1
..((((((...)))))) 4.11 Type2
...((((((..)))))) 1.37 Type4
>seq51
UGUUGUGGCAACGUAAA
.(((((((..))))))) 0 Type0
(((((((..))))))). 2.01 Type3
..((((((...)))))) 5.09 Type2
>seq52
UGUAUUAGCAAUGAUAA
.(((((((..))))))) 0 Type0
(((((((..))))))). 4.58 Type3
>seq53
UGUAUUCGCAAGGAUAA
.(((((((..))))))) 0 Type0
(((((((..))))))). 4.58 Type3
>seq54
UGUAUGAGCAAUUAUAA
.(((((((..))))))) 0 Type0
(((((((..))))))). 4.99 Type3
>seq55
UGUAUGCGCAAGUAUAA
.(((((((..))))))) 0 Type0
(((((((..))))))). 4.9 Type3
>seq56
UGUAAUAGCAAUGUUAA
.(((((((..))))))) 0 Type0
(((((((..))))))). 4.64 Type3
>seq57
UGUAAUGGCAAUGUUAA
.(((((((..))))))) 0 Type0
(((((((..))))))). 1.83 Type3
>seq58
UGUAAGAGCAAUUUUAA
.(((((((..))))))) 0 Type0
(((((((..))))))). 4.84 Type3
(((((((...))))))) 4.49 Type1
..((((((...)))))) 4.26 Type2
>seq59
UGUAAGGGCAAUUUUAA
.(((((((..))))))) 0 Type0
(((((((..))))))). 1.93 Type3
(((((((...))))))) 1.73 Type1
..((((((...)))))) 4.31 Type2
>seq60
UGUACUCGCAAGGGUAA
.(((((((..))))))) 0 Type0
(((((((..))))))). 4.56 Type3
(((((((...))))))) 6.47 Type1
>seq61
UGUACUUGCAAGGGUAA
.(((((((..))))))) 0 Type0
(((((((..))))))). 1.1 Type3
>seq62
UGUACGCGCAAGUGUAA
.(((((((..))))))) 0 Type0
(((((((..))))))). 4.59 Type3
>seq63
UGUACGUGCAAGUGUAA
.(((((((..))))))) 0 Type0
(((((((..))))))). 1.04 Type3
>seq64
UGUAUUAGCAAUGGUAA
.(((((((..))))))) 0 Type0
(((((((..))))))). 4.61 Type3
>seq65
UGUAUUCGCAAGGGUAA
.(((((((..))))))) 0 Type0
(((((((..))))))). 4.6 Type3
...((((((..)))))) 4.63 Type4
>seq66
UGUAUGAGCAAUUGUAA
.(((((((..))))))) 0 Type0
(((((((..))))))). 4.7 Type3
..((((((...)))))) 6.06 Type2
>seq67
UGUAUGCGCAAGUGUAA
.(((((((..))))))) 0 Type0
(((((((..))))))). 4.61 Type3
...((((((..)))))) 2.7 Type4
>seq68
UGUAGUAGCAAUGUUAA
.(((((((..))))))) 0 Type0
(((((((..))))))). 4.7 Type3
>seq69
UGUAGUGGCAACGUUAA
.(((((((..))))))) 0 Type0
(((((((..))))))). 1.93 Type3
>seq70
UGUAGGAGCAAUUUUAA
.(((((((..))))))) 0 Type0
(((((((..))))))). 4.8 Type3
(((((((...))))))) 4.49 Type1
..((((((...)))))) 4.3 Type2
>seq71
UGUAGGGGCAACUUUAA
.(((((((..))))))) 0 Type0
(((((((..))))))). 1.91 Type3
(((((((...))))))) 1.74 Type1
..((((((...)))))) 4.71 Type2
>seq72
UGUCUUCGCAAGGAGAA
.(((((((..))))))) 0 Type0
(((((((..))))))). 4.4 Type3
>seq73
UGUCCUCGCAAGGGGAA
.(((((((..))))))) 0 Type0
(((((((..))))))). 4.42 Type3
(((((((...))))))) 4.43 Type1
>seq74
UGUCCUUGCAAGGGGAA
.(((((((..))))))) 0 Type0
(((((((..))))))). 0.96 Type3
(((((((...))))))) 1.42 Type1
>seq75
UGUCUUAGCAAUGGGAA
.(((((((..))))))) 0 Type0
(((((((..))))))). 4.45 Type3
(((((((...))))))) 4.58 Type1
>seq76
UGUCUUCGCAAGGGGAA
.(((((((..))))))) 0 Type0
(((((((..))))))). 4.44 Type3
(((((((...))))))) 4.42 Type1
>seq77
UGUCGUAGCAAUGUGAA
.(((((((..))))))) 0 Type0
(((((((..))))))). 4.4 Type3
>seq78
UGUGUUCGCAAGAACAA
.(((((((..))))))) 0 Type0
(((((((..))))))). 4.76 Type3
>seq79
UGUGUGCGCAAGCACAA
.(((((((..))))))) 0 Type0
(((((((..))))))). 4.75 Type3
...((((((..)))))) 6.07 Type4
>seq80
UGUGUUCGCAAGGACAA
.(((((((..))))))) 0 Type0
(((((((..))))))). 4.34 Type3
>seq81
UGUGUGAGCAAUUACAA
.(((((((..))))))) 0 Type0
(((((((..))))))). 4.83 Type3
>seq82
UGUGUGCGCAAGUACAA
.(((((((..))))))) 0 Type0
(((((((..))))))). 4.75 Type3
...((((((..)))))) 6.04 Type4
>seq83
UGUGAGAGCAAUUUCAA
.(((((((..))))))) 0 Type0
(((((((..))))))). 4.91 Type3
>seq84
UGUGAGGGCAAUUUCAA
.(((((((..))))))) 0 Type0
(((((((..))))))). 2.0 Type3
(((((((...))))))) 4.2 Type1
>seq85
UGUGCUCGCAAGAGCAA
.(((((((..))))))) 0 Type0
(((((((..))))))). 4.75 Type3
>seq86
UGUGCUUGCAAGAGCAA
.(((((((..))))))) 0 Type0
(((((((..))))))). 1.19 Type3
>seq87
UGUGCGUGCAAGCGCAA
.(((((((..))))))) 0 Type0
(((((((..))))))). 1.2 Type3
...((((((..)))))) 6.08 Type4
>seq88
UGUGCUCGCAAGGGCAA
.(((((((..))))))) 0 Type0
(((((((..))))))). 4.36 Type3
>seq89
UGUGCUUGCAAGGGCAA
.(((((((..))))))) 0 Type0
(((((((..))))))). 0.9 Type3
>seq90
UGUGCGCGCAAGUGCAA
.(((((((..))))))) 0 Type0
(((((((..))))))). 4.74 Type3
...((((((..)))))) 6.08 Type4
>seq91
UGUGCGUGCAAGUGCAA
.(((((((..))))))) 0 Type0
(((((((..))))))). 1.18 Type3
...((((((..)))))) 6.05 Type4
>seq92
UGUGUUAGCAAUAGCAA
.(((((((..))))))) 0 Type0
(((((((..))))))). 4.66 Type3
>seq93
UGUGUUCGCAAGAGCAA
.(((((((..))))))) 0 Type0
(((((((..))))))). 4.76 Type3
...((((((..)))))) 6.29 Type4
>seq94
UGUGUGAGCAAUCGCAA
.(((((((..))))))) 0 Type0
(((((((..))))))). 4.86 Type3
...((((((..)))))) 6.1 Type4
>seq95
UGUGUGCGCAAGCGCAA
.(((((((..))))))) 0 Type0
(((((((..))))))). 4.74 Type3
...((((((..)))))) 1.38 Type4
>seq96
UGUGUUAGCAAUGGCAA
.(((((((..))))))) 0 Type0
(((((((..))))))). 4.38 Type3
>seq97
UGUGUUCGCAAGGGCAA
.(((((((..))))))) 0 Type0
(((((((..))))))). 4.38 Type3
...((((((..)))))) 5.89 Type4
>seq98
UGUGUGAGCAAUUGCAA
.(((((((..))))))) 0 Type0
(((((((..))))))). 4.83 Type3
...((((((..)))))) 6.07 Type4
>seq99
UGUGGUAGCAAUAUCAA
.(((((((..))))))) 0 Type0
(((((((..))))))). 4.53 Type3
..((((((...)))))) 6.67 Type2
>seq100
UGUGGGAGCAAUCUCAA
.(((((((..))))))) 0 Type0
(((((((..))))))). 4.86 Type3
...((((((..)))))) 6.01 Type4
>seq101
UGUGGUAGCAAUGUCAA
.(((((((..))))))) 0 Type0
(((((((..))))))). 4.39 Type3
..((((((...)))))) 5.21 Type2
>seq102
UGUGGGAGCAAUUUCAA
.(((((((..))))))) 0 Type0
(((((((..))))))). 4.83 Type3
..((((((...)))))) 2.89 Type2
...((((((..)))))) 5.96 Type4
>seq103
UGUGGGGGCAACUUCAA
.(((((((..))))))) 0 Type0
(((((((..))))))). 1.92 Type3
(((((((...))))))) 4.17 Type1
..((((((...)))))) 3.3 Type2
...((((((..)))))) 6.94 Type4
>seq104
UGUGUGCGCAAGCAUAA
.(((((((..))))))) 0 Type0
(((((((..))))))). 4.75 Type3
...((((((..)))))) 6.09 Type4
>seq105
UGUGCGCGCAAGCGUAA
.(((((((..))))))) 0 Type0
(((((((..))))))). 4.76 Type3
...((((((..)))))) 6.04 Type4
>seq106
UGUGUGAGCAAUCGUAA
.(((((((..))))))) 0 Type0
(((((((..))))))). 4.86 Type3
...((((((..)))))) 6.1 Type4
>seq107
UGUGUGCGCAAGCGUAA
.(((((((..))))))) 0 Type0
(((((((..))))))). 4.75 Type3
...((((((..)))))) 1.38 Type4
>seq108
UGUGGGAGCAAUCUUAA
.(((((((..))))))) 0 Type0
(((((((..))))))). 4.86 Type3
(((((((...))))))) 4.55 Type1
...((((((..)))))) 6.02 Type4
>seq109
UGAUGUGGCAACGUAUA
.(((((((..))))))) 0 Type0
(((((((..))))))). 1.61 Type3
>seq110
UGAAGUAGCAAUGUUUA
.(((((((..))))))) 0 Type0
(((((((..))))))). 4.45 Type3
(((((((...))))))) 4.44 Type1
>seq111
UGAAGUGGCAACGUUUA
.(((((((..))))))) 0 Type0
(((((((..))))))). 1.68 Type3
(((((((...))))))) 3.95 Type1
..((((((...)))))) 6.31 Type2
>seq112
UGAAGGAGCAAUUUUUA
.(((((((..))))))) 0 Type0
(((((((..))))))). 4.46 Type3
(((((((...))))))) 2.52 Type1
..((((((...)))))) 4.08 Type2
>seq113
UGAAGGGGCAACUUUUA
.(((((((..))))))) 0 Type0
(((((((..))))))). 1.58 Type3
(((((((...))))))) -0.23 Type1
..((((((...)))))) 4.49 Type2
>seq114
UGACGUAGCAAUGUGUA
.(((((((..))))))) 0 Type0
(((((((..))))))). 3.98 Type3
>seq115
UGAGGUAGCAAUAUCUA
.(((((((..))))))) 0 Type0
(((((((..))))))). 4.16 Type3
>seq116
UGAGGGAGCAAUCUCUA
.(((((((..))))))) 0 Type0
(((((((..))))))). 4.46 Type3
(((((((...))))))) 6.79 Type1
...((((((..)))))) 5.75 Type4
>seq117
UGAGGUAGCAAUGUCUA
.(((((((..))))))) 0 Type0
(((((((..))))))). 3.96 Type3
..((((((...)))))) 6.41 Type2
>seq118
UGAGGGAGCAAUUUCUA
.(((((((..))))))) 0 Type0
(((((((..))))))). 4.41 Type3
..((((((...)))))) 4.09 Type2
...((((((..)))))) 5.7 Type4
>seq119
UGAGGGGGCAACUUCUA
.(((((((..))))))) 0 Type0
(((((((..))))))). 1.5 Type3
(((((((...))))))) 4.0 Type1
..((((((...)))))) 4.5 Type2
...((((((..)))))) 6.68 Type4
>seq120
UGAGGGAGCAAUCUUUA
.(((((((..))))))) 0 Type0
(((((((..))))))). 4.51 Type3
(((((((...))))))) 2.55 Type1
...((((((..)))))) 5.8 Type4
>seq121
UGCUUUAGCAAUGGAGA
.(((((((..))))))) 0 Type0
(((((((..))))))). 4.53 Type3
>seq122
UGCUUUCGCAAGGGAGA
.(((((((..))))))) 0 Type0
(((((((..))))))). 4.52 Type3
...((((((..)))))) 3.16 Type4
>seq123
UGCAUUAGCAAUGGUGA
.(((((((..))))))) 0 Type0
(((((((..))))))). 4.63 Type3
>seq124
UGCAUUCGCAAGGGUGA
.(((((((..))))))) 0 Type0
(((((((..))))))). 4.63 Type3
...((((((..)))))) 6.43 Type4
>seq125
UGCAUGAGCAAUUGUGA
.(((((((..))))))) 0 Type0
(((((((..))))))). 4.69 Type3
>seq126
UGCAUGCGCAAGUGUGA
.(((((((..))))))) 0 Type0
(((((((..))))))). 4.59 Type3
...((((((..)))))) 4.64 Type4
>seq127
UGCCUUAGCAAUGGGGA
.(((((((..))))))) 0 Type0
(((((((..))))))). 4.24 Type3
(((((((...))))))) 4.17 Type1
>seq128
UGCCUUCGCAAGGGGGA
.(((((((..))))))) 0 Type0
(((((((..))))))). 4.23 Type3
(((((((...))))))) 4.01 Type1
>seq129
UGCGUUAGCAAUAGCGA
.(((((((..))))))) 0 Type0
(((((((..))))))). 4.5 Type3
>seq130
UGCGUUCGCAAGAGCGA
.(((((((..))))))) 0 Type0
(((((((..))))))). 4.61 Type3
...((((((..)))))) 7.8 Type4
>seq131
UGCGUGAGCAAUCGCGA
.(((((((..))))))) 0 Type0
(((((((..))))))). 4.71 Type3
>seq132
UGCGUGCGCAAGCGCGA
.(((((((..))))))) 0 Type0
(((((((..))))))). 4.6 Type3
...((((((..)))))) 3.14 Type4
>seq133
UGCGUUAGCAAUGGCGA
.(((((((..))))))) 0 Type0
(((((((..))))))). 4.23 Type3
>seq134
UGCGUUCGCAAGGGCGA
.(((((((..))))))) 0 Type0
(((((((..))))))). 4.23 Type3
>seq135
UGCGUGAGCAAUUGCGA
.(((((((..))))))) 0 Type0
(((((((..))))))). 4.71 Type3
>seq136
UGUUUUAGCAAUGAAGA
.(((((((..))))))) 0 Type0
(((((((..))))))). 4.51 Type3
(((((((...))))))) 4.22 Type1
..((((((...)))))) 2.8 Type2
>seq137
UGUUUUCGCAAGGAAGA
.(((((((..))))))) 0 Type0
(((((((..))))))). 4.5 Type3
(((((((...))))))) 4.06 Type1
..((((((...)))))) 4.01 Type2
...((((((..)))))) 5.88 Type4
>seq138
UGUAUUAGCAAUGAUGA
.(((((((..))))))) 0 Type0
(((((((..))))))). 4.58 Type3
..((((((...)))))) 4.99 Type2
>seq139
UGUAUUCGCAAGGAUGA
.(((((((..))))))) 0 Type0
(((((((..))))))). 4.57 Type3
..((((((...)))))) 6.21 Type2
>seq140
UGUCUUCGCAAGGAGGA
.(((((((..))))))) 0 Type0
(((((((..))))))). 4.19 Type3
..((((((...)))))) 3.92 Type2
>seq141
UGUGUUCGCAAGAACGA
.(((((((..))))))) 0 Type0
(((((((..))))))). 4.61 Type3
>seq142
UGUGUGCGCAAGCACGA
.(((((((..))))))) 0 Type0
(((((((..))))))). 4.6 Type3
...((((((..)))))) 6.07 Type4
>seq143
UGUGUUCGCAAGGACGA
.(((((((..))))))) 0 Type0
(((((((..))))))). 4.18 Type3
>seq144
UGUGUGAGCAAUUACGA
.(((((((..))))))) 0 Type0
(((((((..))))))). 4.68 Type3
>seq145
UGUGUGCGCAAGUACGA
.(((((((..))))))) 0 Type0
(((((((..))))))). 4.6 Type3
>seq146
UGUGUGCGCAAGCAUGA
.(((((((..))))))) 0 Type0
(((((((..))))))). 4.59 Type3
...((((((..)))))) 6.09 Type4
>seq147
UGGUGUAGCAAUGCAUA
.(((((((..))))))) 0 Type0
(((((((..))))))). 4.28 Type3
>seq148
UGGAGUAGCAAUGCUUA
.(((((((..))))))) 0 Type0
(((((((..))))))). 4.32 Type3
>seq149
UGGAGGAGCAAUUCUUA
.(((((((..))))))) 0 Type0
(((((((..))))))). 4.36 Type3
(((((((...))))))) 6.71 Type1
..((((((...)))))) 2.58 Type2
>seq150
UGGGGUAGCAAUACCUA
.(((((((..))))))) 0 Type0
(((((((..))))))). 4.07 Type3
(((((((...))))))) 4.51 Type1
>seq151
UGGGGGAGCAAUCCCUA
.(((((((..))))))) 0 Type0
(((((((..))))))). 4.43 Type3
(((((((...))))))) 2.49 Type1
..((((((...)))))) 6.96 Type2
>seq152
UGGGGUAGCAAUGCCUA
.(((((((..))))))) 0 Type0
(((((((..))))))). 3.96 Type3
(((((((...))))))) 4.39 Type1
>seq153
UGGGGGAGCAAUUCCUA
.(((((((..))))))) 0 Type0
(((((((..))))))). 4.41 Type3
(((((((...))))))) 2.47 Type1
..((((((...)))))) 2.66 Type2
>seq154
UGGGGGAGCAAUCCUUA
.(((((((..))))))) 0 Type0
(((((((..))))))). 4.43 Type3
(((((((...))))))) 2.49 Type1
>seq155
GGUUUUCGCAAGGAAAA
.(((((((..))))))) 0 Type0
(((((((..))))))). 5.55 Type3
(((((((...))))))) 5.22 Type1
..((((((...)))))) 4.0 Type2
...((((((..)))))) 5.88 Type4
>seq156
GGUUCUCGCAAGGGAAA
.(((((((..))))))) 0 Type0
(((((((..))))))). 5.63 Type3
(((((((...))))))) 5.32 Type1
...((((((..)))))) 5.8 Type4
>seq157
GGUUCUUGCAAGGGAAA
.(((((((..))))))) 0 Type0
(((((((..))))))). 2.17 Type3
(((((((...))))))) 2.32 Type1
>seq158
GGUUUUCGCAAGGGAAA
.(((((((..))))))) 0 Type0
(((((((..))))))). 5.54 Type3
(((((((...))))))) 5.22 Type1
..((((((...)))))) 4.11 Type2
...((((((..)))))) 1.37 Type4
>seq159
GGUAUUCGCAAGGAUAA
.(((((((..))))))) 0 Type0
(((((((..))))))). 5.42 Type3
>seq160
GGUAUGCGCAAGUAUAA
.(((((((..))))))) 0 Type0
(((((((..))))))). 5.74 Type3
>seq161
GGUACUCGCAAGGGUAA
.(((((((..))))))) 0 Type0
(((((((..))))))). 5.4 Type3
(((((((...))))))) 7.36 Type1
>seq162
GGUACUUGCAAGGGUAA
.(((((((..))))))) 0 Type0
(((((((..))))))). 1.94 Type3
>seq163
GGUACGCGCAAGUGUAA
.(((((((..))))))) 0 Type0
(((((((..))))))). 5.43 Type3
>seq164
GGUACGUGCAAGUGUAA
.(((((((..))))))) 0 Type0
(((((((..))))))). 1.88 Type3
>seq165
GGUAUUCGCAAGGGUAA
.(((((((..))))))) 0 Type0
(((((((..))))))). 5.44 Type3
...((((((..)))))) 4.63 Type4
>seq166
GGUAUGCGCAAGUGUAA
.(((((((..))))))) 0 Type0
(((((((..))))))). 5.45 Type3
...((((((..)))))) 2.7 Type4
>seq167
GGUCUUCGCAAGGAGAA
.(((((((..))))))) 0 Type0
(((((((..))))))). 5.46 Type3
>seq168
GGUCCUCGCAAGGGGAA
.(((((((..))))))) 0 Type0
(((((((..))))))). 5.48 Type3
(((((((...))))))) 5.32 Type1
>seq169
GGUCCUUGCAAGGGGAA
.(((((((..))))))) 0 Type0
(((((((..))))))). 2.02 Type3
(((((((...))))))) 2.31 Type1
>seq170
GGUCUUCGCAAGGGGAA
.(((((((..))))))) 0 Type0
(((((((..))))))). 5.49 Type3
(((((((...))))))) 5.31 Type1
...((((((..)))))) 5.72 Type4
>seq171
GGUGUUCGCAAGAACAA
.(((((((..))))))) 0 Type0
(((((((..))))))). 5.63 Type3
>seq172
GGUGUGCGCAAGCACAA
.(((((((..))))))) 0 Type0
(((((((..))))))). 5.62 Type3
...((((((..)))))) 6.07 Type4
>seq173
GGUGUUCGCAAGGACAA
.(((((((..))))))) 0 Type0
(((((((..))))))). 5.2 Type3
>seq174
GGUGUGCGCAAGUACAA
.(((((((..))))))) 0 Type0
(((((((..))))))). 5.62 Type3
...((((((..)))))) 6.04 Type4
>seq175
GGUGCUCGCAAGAGCAA
.(((((((..))))))) 0 Type0
(((((((..))))))). 5.62 Type3
>seq176
GGUGCUUGCAAGAGCAA
.(((((((..))))))) 0 Type0
(((((((..))))))). 2.06 Type3
>seq177
GGUGCGUGCAAGCGCAA
.(((((((..))))))) 0 Type0
(((((((..))))))). 2.07 Type3
...((((((..)))))) 6.08 Type4
>seq178
GGUGCUCGCAAGGGCAA
.(((((((..))))))) 0 Type0
(((((((..))))))). 5.23 Type3
>seq179
GGUGCUUGCAAGGGCAA
.(((((((..))))))) 0 Type0
(((((((..))))))). 1.77 Type3
>seq180
GGUGCGCGCAAGUGCAA
.(((((((..))))))) 0 Type0
(((((((..))))))). 5.6 Type3
...((((((..)))))) 6.08 Type4
>seq181
GGUGCGUGCAAGUGCAA
.(((((((..))))))) 0 Type0
(((((((..))))))). 2.04 Type3
...((((((..)))))) 6.05 Type4
>seq182
GGUGUUCGCAAGAGCAA
.(((((((..))))))) 0 Type0
(((((((..))))))). 5.63 Type3
...((((((..)))))) 6.29 Type4
>seq183
GGUGUGCGCAAGCGCAA
.(((((((..))))))) 0 Type0
(((((((..))))))). 5.61 Type3
...((((((..)))))) 1.38 Type4
>seq184
GGUGUUCGCAAGGGCAA
.(((((((..))))))) 0 Type0
(((((((..))))))). 5.25 Type3
...((((((..)))))) 5.89 Type4
>seq185
GGUGUGCGCAAGCAUAA
.(((((((..))))))) 0 Type0
(((((((..))))))). 5.59 Type3
...((((((..)))))) 6.09 Type4
>seq186
GGUGCGCGCAAGCGUAA
.(((((((..))))))) 0 Type0
(((((((..))))))). 5.6 Type3
...((((((..)))))) 6.04 Type4
>seq187
GGUGUGCGCAAGCGUAA
.(((((((..))))))) 0 Type0
(((((((..))))))). 5.59 Type3
...((((((..)))))) 1.38 Type4
>seq188
GGAUAUCGCAAGGUAUA
.(((((((..))))))) 0 Type0
(((((((..))))))). 5.62 Type3
...((((((..)))))) 6.21 Type4
>seq189
GGAUCUCGCAAGGGAUA
.(((((((..))))))) 0 Type0
(((((((..))))))). 5.96 Type3
(((((((...))))))) 7.2 Type1
...((((((..)))))) 6.27 Type4
>seq190
GGAUCUUGCAAGGGAUA
.(((((((..))))))) 0 Type0
(((((((..))))))). 2.5 Type3
(((((((...))))))) 4.19 Type1
...((((((..)))))) 6.39 Type4
>seq191
GGAUUUCGCAAGGGAUA
.(((((((..))))))) 0 Type0
(((((((..))))))). 5.87 Type3
...((((((..)))))) 3.42 Type4
>seq192
GGAUGUCGCAAGGUAUA
.(((((((..))))))) 0 Type0
(((((((..))))))). 5.45 Type3
>seq193
GGAUGUGGCAACGUAUA
.(((((((..))))))) 0 Type0
(((((((..))))))). 0.78 Type3
>seq194
GGAAAUCGCAAGGUUUA
.(((((((..))))))) 0 Type0
(((((((..))))))). 5.94 Type3
(((((((...))))))) 5.44 Type1
>seq195
GGAAAGCGCAAGUUUUA
.(((((((..))))))) 0 Type0
(((((((..))))))). 6.1 Type3
(((((((...))))))) 5.16 Type1
>seq196
GGAACUCGCAAGGGUUA
.(((((((..))))))) 0 Type0
(((((((..))))))). 5.85 Type3
(((((((...))))))) 5.43 Type1
>seq197
GGAACUUGCAAGGGUUA
.(((((((..))))))) 0 Type0
(((((((..))))))). 2.39 Type3
(((((((...))))))) 2.42 Type1
>seq198
GGAACGCGCAAGUGUUA
.(((((((..))))))) 0 Type0
(((((((..))))))). 5.84 Type3
>seq199
GGAACGUGCAAGUGUUA
.(((((((..))))))) 0 Type0
(((((((..))))))). 2.29 Type3
>seq200
GGAAUUCGCAAGGGUUA
.(((((((..))))))) 0 Type0
(((((((..))))))). 5.88 Type3
(((((((...))))))) 5.44 Type1
>seq201
GGAAUGCGCAAGUGUUA
.(((((((..))))))) 0 Type0
(((((((..))))))). 5.85 Type3
...((((((..)))))) 4.65 Type4
>seq202
GGAAGUAGCAAUGUUUA
.(((((((..))))))) 0 Type0
(((((((..))))))). 3.62 Type3
(((((((...))))))) 5.28 Type1
>seq203
GGAAGUCGCAAGGUUUA
.(((((((..))))))) 0 Type0
(((((((..))))))). 5.72 Type3
(((((((...))))))) 5.13 Type1
>seq204
GGAAGUGGCAACGUUUA
.(((((((..))))))) 0 Type0
(((((((..))))))). 0.85 Type3
(((((((...))))))) 4.79 Type1
>seq205
GGAAGGAGCAAUUUUUA
.(((((((..))))))) 0 Type0
(((((((..))))))). 3.63 Type3
(((((((...))))))) 3.36 Type1
..((((((...)))))) 4.08 Type2
>seq206
GGAAGGCGCAAGUUUUA
.(((((((..))))))) 0 Type0
(((((((..))))))). 5.67 Type3
(((((((...))))))) 5.16 Type1
>seq207
GGAAGGGGCAACUUUUA
.(((((((..))))))) 0 Type0
(((((((..))))))). 0.74 Type3
(((((((...))))))) 0.61 Type1
..((((((...)))))) 4.49 Type2
>seq208
GGACAUCGCAAGGUGUA
.(((((((..))))))) 0 Type0
(((((((..))))))). 5.39 Type3
>seq209
GGACCUCGCAAGGGGUA
.(((((((..))))))) 0 Type0
(((((((..))))))). 5.55 Type3
(((((((...))))))) 5.36 Type1
>seq210
GGACCUUGCAAGGGGUA
.(((((((..))))))) 0 Type0
(((((((..))))))). 2.09 Type3
(((((((...))))))) 2.36 Type1
>seq211
GGACUUCGCAAGGGGUA
.(((((((..))))))) 0 Type0
(((((((..))))))). 5.57 Type3
(((((((...))))))) 5.36 Type1
>seq212
GGACGUAGCAAUGUGUA
.(((((((..))))))) 0 Type0
(((((((..))))))). 3.15 Type3
>seq213
GGACGUCGCAAGGUGUA
.(((((((..))))))) 0 Type0
(((((((..))))))). 5.02 Type3
>seq214
GGAGAGCGCAAGCUCUA
.(((((((..))))))) 0 Type0
(((((((..))))))). 6.02 Type3
...((((((..)))))) 6.44 Type4
>seq215
GGAGAUCGCAAGGUCUA
.(((((((..))))))) 0 Type0
(((((((..))))))). 5.55 Type3
>seq216
GGAGAGCGCAAGUUCUA
.(((((((..))))))) 0 Type0
(((((((..))))))). 6.01 Type3
...((((((..)))))) 6.42 Type4
>seq217
GGAGCGUGCAAGCGCUA
.(((((((..))))))) 0 Type0
(((((((..))))))). 2.22 Type3
...((((((..)))))) 6.45 Type4
>seq218
GGAGCUCGCAAGGGCUA
.(((((((..))))))) 0 Type0
(((((((..))))))). 5.57 Type3
>seq219
GGAGCUUGCAAGGGCUA
.(((((((..))))))) 0 Type0
(((((((..))))))). 2.11 Type3
>seq220
GGAGCGCGCAAGUGCUA
.(((((((..))))))) 0 Type0
(((((((..))))))). 5.74 Type3
...((((((..)))))) 6.45 Type4
>seq221
GGAGCGUGCAAGUGCUA
.(((((((..))))))) 0 Type0
(((((((..))))))). 2.18 Type3
>seq222
GGAGUUCGCAAGAGCUA
.(((((((..))))))) 0 Type0
(((((((..))))))). 6.02 Type3
>seq223
GGAGUGCGCAAGCGCUA
.(((((((..))))))) 0 Type0
(((((((..))))))). 5.76 Type3
...((((((..)))))) 3.26 Type4
>seq224
GGAGUUCGCAAGGGCUA
.(((((((..))))))) 0 Type0
(((((((..))))))). 5.6 Type3
>seq225
GGAGGUAGCAAUAUCUA
.(((((((..))))))) 0 Type0
(((((((..))))))). 3.33 Type3
>seq226
GGAGGUCGCAAGAUCUA
.(((((((..))))))) 0 Type0
(((((((..))))))). 5.64 Type3
>seq227
GGAGGUGGCAACAUCUA
.(((((((..))))))) 0 Type0
(((((((..))))))). 0.72 Type3
..((((((...)))))) 6.67 Type2
>seq228
GGAGGGAGCAAUCUCUA
.(((((((..))))))) 0 Type0
(((((((..))))))). 3.63 Type3
(((((((...))))))) 7.62 Type1
...((((((..)))))) 5.75 Type4
>seq229
GGAGGGCGCAAGCUCUA
.(((((((..))))))) 0 Type0
(((((((..))))))). 5.65 Type3
...((((((..)))))) 6.46 Type4
>seq230
GGAGGGGGCAACCUCUA
.(((((((..))))))) 0 Type0
(((((((..))))))). 0.69 Type3
(((((((...))))))) 4.84 Type1
..((((((...)))))) 4.5 Type2
...((((((..)))))) 6.68 Type4
>seq231
GGAGGUAGCAAUGUCUA
.(((((((..))))))) 0 Type0
(((((((..))))))). 3.13 Type3
..((((((...)))))) 6.41 Type2
>seq232
GGAGGUGGCAACGUCUA
.(((((((..))))))) 0 Type0
(((((((..))))))). 0.33 Type3
..((((((...)))))) 6.33 Type2
>seq233
GGAGGGAGCAAUUUCUA
.(((((((..))))))) 0 Type0
(((((((..))))))). 3.58 Type3
..((((((...)))))) 4.09 Type2
>seq234
GGAGGGCGCAAGUUCUA
.(((((((..))))))) 0 Type0
(((((((..))))))). 5.64 Type3
...((((((..)))))) 6.43 Type4
>seq235
GGAGGGGGCAACUUCUA
.(((((((..))))))) 0 Type0
(((((((..))))))). 0.67 Type3
(((((((...))))))) 4.84 Type1
..((((((...)))))) 4.5 Type2
...((((((..)))))) 6.68 Type4
>seq236
GGAGAGCGCAAGCUUUA
.(((((((..))))))) 0 Type0
(((((((..))))))). 6.03 Type3
...((((((..)))))) 6.4 Type4
>seq237
GGAGCGCGCAAGCGUUA
.(((((((..))))))) 0 Type0
(((((((..))))))). 5.78 Type3
...((((((..)))))) 6.43 Type4
>seq238
GGAGUGCGCAAGCGUUA
.(((((((..))))))) 0 Type0
(((((((..))))))). 5.78 Type3
...((((((..)))))) 3.28 Type4
>seq239
GGAGGGAGCAAUCUUUA
.(((((((..))))))) 0 Type0
(((((((..))))))). 3.68 Type3
(((((((...))))))) 3.39 Type1
...((((((..)))))) 5.8 Type4
>seq240
GGAGGGCGCAAGCUUUA
.(((((((..))))))) 0 Type0
(((((((..))))))). 5.7 Type3
(((((((...))))))) 5.15 Type1
...((((((..)))))) 6.48 Type4
>seq241
GGAGGGGGCAACCUUUA
.(((((((..))))))) 0 Type0
(((((((..))))))). 0.74 Type3
(((((((...))))))) 0.6 Type1
..((((((...)))))) 4.52 Type2
...((((((..)))))) 6.7 Type4
>seq242
GGCUUUCGCAAGGGAGA
.(((((((..))))))) 0 Type0
(((((((..))))))). 5.14 Type3
...((((((..)))))) 3.16 Type4
>seq243
GGCAUUCGCAAGGGUGA
.(((((((..))))))) 0 Type0
(((((((..))))))). 4.97 Type3
>seq244
GGCAUGCGCAAGUGUGA
.(((((((..))))))) 0 Type0
(((((((..))))))). 4.94 Type3
...((((((..)))))) 4.64 Type4
>seq245
GGCCUUCGCAAGGGGGA
.(((((((..))))))) 0 Type0
(((((((..))))))). 4.88 Type3
(((((((...))))))) 5.07 Type1
>seq246
GGCGUUCGCAAGAGCGA
.(((((((..))))))) 0 Type0
(((((((..))))))). 4.93 Type3
...((((((..)))))) 7.8 Type4
>seq247
GGCGUGCGCAAGCGCGA
.(((((((..))))))) 0 Type0
(((((((..))))))). 4.92 Type3
...((((((..)))))) 3.14 Type4
>seq248
GGCGUUCGCAAGGGCGA
.(((((((..))))))) 0 Type0
(((((((..))))))). 4.55 Type3
>seq249
GGGUUUCGCAAGAAACA
.(((((((..))))))) 0 Type0
(((((((..))))))). 5.94 Type3
(((((((...))))))) 5.31 Type1
>seq250
GGGUUUCGCAAGGAACA
.(((((((..))))))) 0 Type0
(((((((..))))))). 5.82 Type3
(((((((...))))))) 5.2 Type1
>seq251
GGGUUUUGCAAGGAACA
.(((((((..))))))) 0 Type0
(((((((..))))))). 2.36 Type3
(((((((...))))))) 2.19 Type1
...((((((..)))))) 5.01 Type4
>seq252
GGGUAUCGCAAGAUACA
.(((((((..))))))) 0 Type0
(((((((..))))))). 5.81 Type3
>seq253
GGGUAUAGCAAUGUACA
.(((((((..))))))) 0 Type0
(((((((..))))))). 3.38 Type3
>seq254
GGGUAUCGCAAGGUACA
.(((((((..))))))) 0 Type0
(((((((..))))))). 5.72 Type3
(((((((...))))))) 7.36 Type1
>seq255
GGGUAUUGCAAGGUACA
.(((((((..))))))) 0 Type0
(((((((..))))))). 2.26 Type3
>seq256
GGGUAUGGCAAUGUACA
.(((((((..))))))) 0 Type0
(((((((..))))))). 0.57 Type3
(((((((...))))))) 4.66 Type1
>seq257
GGGUCUCGCAAGGGACA
.(((((((..))))))) 0 Type0
(((((((..))))))). 5.77 Type3
(((((((...))))))) 5.31 Type1
>seq258
GGGUCUUGCAAGGGACA
.(((((((..))))))) 0 Type0
(((((((..))))))). 2.31 Type3
(((((((...))))))) 2.3 Type1
>seq259
GGGUGUAGCAAUGCACA
.(((((((..))))))) 0 Type0
(((((((..))))))). 3.69 Type3
>seq260
GGGUGUCGCAAGGCACA
.(((((((..))))))) 0 Type0
(((((((..))))))). 5.58 Type3
...((((((..)))))) 6.87 Type4
>seq261
GGGUUUCGCAAGGGACA
.(((((((..))))))) 0 Type0
(((((((..))))))). 5.68 Type3
(((((((...))))))) 5.2 Type1
...((((((..)))))) 4.95 Type4
>seq262
GGGUGUCGCAAGGUACA
.(((((((..))))))) 0 Type0
(((((((..))))))). 5.56 Type3
(((((((...))))))) 7.17 Type1
...((((((..)))))) 5.33 Type4
>seq263
GGGUGUGGCAACGUACA
.(((((((..))))))) 0 Type0
(((((((..))))))). 0.89 Type3
(((((((...))))))) 6.84 Type1
...((((((..)))))) 5.73 Type4
>seq264
GGGAUUCGCAAGGAUCA
.(((((((..))))))) 0 Type0
(((((((..))))))). 6.11 Type3
(((((((...))))))) 7.06 Type1
>seq265
GGGAUUUGCAAGGAUCA
.(((((((..))))))) 0 Type0
(((((((..))))))). 2.65 Type3
>seq266
GGGAUGCGCAAGUAUCA
.(((((((..))))))) 0 Type0
(((((((..))))))). 6.02 Type3
>seq267
GGGAUGUGCAAGUAUCA
.(((((((..))))))) 0 Type0
(((((((..))))))). 2.47 Type3
...((((((..)))))) 6.32 Type4
>seq268
GGGAAUAGCAAUGUUCA
.(((((((..))))))) 0 Type0
(((((((..))))))). 3.75 Type3
(((((((...))))))) 5.56 Type1
>seq269
GGGAAUCGCAAGGUUCA
.(((((((..))))))) 0 Type0
(((((((..))))))). 6.12 Type3
(((((((...))))))) 5.41 Type1
>seq270
GGGAAUUGCAAGGUUCA
.(((((((..))))))) 0 Type0
(((((((..))))))). 2.66 Type3
(((((((...))))))) 2.4 Type1
>seq271
GGGAAUGGCAAUGUUCA
.(((((((..))))))) 0 Type0
(((((((..))))))). 0.94 Type3
(((((((...))))))) 2.71 Type1
>seq272
GGGAAGAGCAAUUUUCA
.(((((((..))))))) 0 Type0
(((((((..))))))). 3.92 Type3
(((((((...))))))) 3.33 Type1
>seq273
GGGAAGCGCAAGUUUCA
.(((((((..))))))) 0 Type0
(((((((..))))))). 6.35 Type3
(((((((...))))))) 5.13 Type1
>seq274
GGGAAGUGCAAGUUUCA
.(((((((..))))))) 0 Type0
(((((((..))))))). 2.79 Type3
>seq275
GGGAAGGGCAAUUUUCA
.(((((((..))))))) 0 Type0
(((((((..))))))). 1.01 Type3
(((((((...))))))) 0.57 Type1
>seq276
GGGACUCGCAAGGGUCA
.(((((((..))))))) 0 Type0
(((((((..))))))). 5.79 Type3
(((((((...))))))) 5.33 Type1
>seq277
GGGACUUGCAAGGGUCA
.(((((((..))))))) 0 Type0
(((((((..))))))). 2.33 Type3
(((((((...))))))) 2.33 Type1
>seq278
GGGACGCGCAAGUGUCA
.(((((((..))))))) 0 Type0
(((((((..))))))). 5.6 Type3
>seq279
GGGACGUGCAAGUGUCA
.(((((((..))))))) 0 Type0
(((((((..))))))). 2.04 Type3
>seq280
GGGAGUAGCAAUGCUCA
.(((((((..))))))) 0 Type0
(((((((..))))))). 3.79 Type3
>seq281
GGGAGUCGCAAGGCUCA
.(((((((..))))))) 0 Type0
(((((((..))))))). 5.89 Type3
>seq282
GGGAGGAGCAAUUCUCA
.(((((((..))))))) 0 Type0
(((((((..))))))). 3.83 Type3
(((((((...))))))) 7.57 Type1
..((((((...)))))) 6.92 Type2
>seq283
GGGAGGCGCAAGUCUCA
.(((((((..))))))) 0 Type0
(((((((..))))))). 5.87 Type3
>seq284
GGGAUUCGCAAGGGUCA
.(((((((..))))))) 0 Type0
(((((((..))))))). 5.82 Type3
(((((((...))))))) 5.34 Type1
>seq285
GGGAUGCGCAAGUGUCA
.(((((((..))))))) 0 Type0
(((((((..))))))). 5.61 Type3
...((((((..)))))) 6.19 Type4
>seq286
GGGAGUAGCAAUGUUCA
.(((((((..))))))) 0 Type0
(((((((..))))))). 3.8 Type3
(((((((...))))))) 5.25 Type1
>seq287
GGGAGUCGCAAGGUUCA
.(((((((..))))))) 0 Type0
(((((((..))))))). 5.91 Type3
(((((((...))))))) 5.1 Type1
>seq288
GGGAGUGGCAACGUUCA
.(((((((..))))))) 0 Type0
(((((((..))))))). 1.04 Type3
(((((((...))))))) 4.76 Type1
>seq289
GGGAGGAGCAAUUUUCA
.(((((((..))))))) 0 Type0
(((((((..))))))). 3.88 Type3
(((((((...))))))) 3.33 Type1
...((((((..)))))) 6.29 Type4
>seq290
GGGAGGCGCAAGUUUCA
.(((((((..))))))) 0 Type0
(((((((..))))))). 5.92 Type3
(((((((...))))))) 5.13 Type1
>seq291
GGGAGGGGCAACUUUCA
.(((((((..))))))) 0 Type0
(((((((..))))))). 0.99 Type3
(((((((...))))))) 0.58 Type1
..((((((...)))))) 7.37 Type2
...((((((..)))))) 7.25 Type4
>seq292
GGGCUUCGCAAGGAGCA
.(((((((..))))))) 0 Type0
(((((((..))))))). 5.82 Type3
>seq293
GGGCUUUGCAAGGAGCA
.(((((((..))))))) 0 Type0
(((((((..))))))). 2.36 Type3
>seq294
GGGCAUAGCAAUGUGCA
.(((((((..))))))) 0 Type0
(((((((..))))))). 3.27 Type3
>seq295
GGGCAUCGCAAGGUGCA
.(((((((..))))))) 0 Type0
(((((((..))))))). 5.65 Type3
>seq296
GGGCAUUGCAAGGUGCA
.(((((((..))))))) 0 Type0
(((((((..))))))). 2.19 Type3
>seq297
GGGCAUGGCAAUGUGCA
.(((((((..))))))) 0 Type0
(((((((..))))))). 0.45 Type3
>seq298
GGGCGUAGCAAUGCGCA
.(((((((..))))))) 0 Type0
(((((((..))))))). 3.4 Type3
>seq299
GGGCUUCGCAAGGGGCA
.(((((((..))))))) 0 Type0
(((((((..))))))). 5.55 Type3
(((((((...))))))) 5.07 Type1
>seq300
GGGCGUAGCAAUGUGCA
.(((((((..))))))) 0 Type0
(((((((..))))))). 3.41 Type3
>seq301
GGGCGUCGCAAGGUGCA
.(((((((..))))))) 0 Type0
(((((((..))))))). 5.27 Type3
>seq302
GGGGUUCGCAAGAACCA
.(((((((..))))))) 0 Type0
(((((((..))))))). 5.93 Type3
(((((((...))))))) 5.31 Type1
>seq303
GGGGUUUGCAAGAACCA
.(((((((..))))))) 0 Type0
(((((((..))))))). 2.37 Type3
(((((((...))))))) 2.2 Type1
>seq304
GGGGUGCGCAAGCACCA
.(((((((..))))))) 0 Type0
(((((((..))))))). 5.91 Type3
>seq305
GGGGUGUGCAAGCACCA
.(((((((..))))))) 0 Type0
(((((((..))))))). 2.36 Type3
...((((((..)))))) 4.8 Type4
>seq306
GGGGUUCGCAAGGACCA
.(((((((..))))))) 0 Type0
(((((((..))))))). 5.68 Type3
(((((((...))))))) 5.2 Type1
>seq307
GGGGUUUGCAAGGACCA
.(((((((..))))))) 0 Type0
(((((((..))))))). 2.22 Type3
(((((((...))))))) 2.19 Type1
>seq308
GGGGUGCGCAAGUACCA
.(((((((..))))))) 0 Type0
(((((((..))))))). 5.88 Type3
(((((((...))))))) 7.2 Type1
>seq309
GGGGUGUGCAAGUACCA
.(((((((..))))))) 0 Type0
(((((((..))))))). 2.32 Type3
...((((((..)))))) 4.79 Type4
>seq310
GGGGAUAGCAAUAUCCA
.(((((((..))))))) 0 Type0
(((((((..))))))). 3.52 Type3
(((((((...))))))) 7.21 Type1
>seq311
GGGGAUUGCAAGAUCCA
.(((((((..))))))) 0 Type0
(((((((..))))))). 2.66 Type3
>seq312
GGGGAUGGCAAUAUCCA
.(((((((..))))))) 0 Type0
(((((((..))))))). 0.86 Type3
(((((((...))))))) 4.51 Type1
>seq313
GGGGAGAGCAAUCUCCA
.(((((((..))))))) 0 Type0
(((((((..))))))). 3.9 Type3
(((((((...))))))) 7.59 Type1
>seq314
GGGGAGCGCAAGCUCCA
.(((((((..))))))) 0 Type0
(((((((..))))))). 6.26 Type3
>seq315
GGGGAGUGCAAGCUCCA
.(((((((..))))))) 0 Type0
(((((((..))))))). 2.71 Type3
...((((((..)))))) 6.69 Type4
>seq316
GGGGAGGGCAAUCUCCA
.(((((((..))))))) 0 Type0
(((((((..))))))). 0.96 Type3
(((((((...))))))) 4.81 Type1
..((((((...)))))) 6.99 Type2
>seq317
GGGGAUAGCAAUGUCCA
.(((((((..))))))) 0 Type0
(((((((..))))))). 3.26 Type3
(((((((...))))))) 5.51 Type1
>seq318
GGGGAUCGCAAGGUCCA
.(((((((..))))))) 0 Type0
(((((((..))))))). 5.83 Type3
(((((((...))))))) 5.35 Type1
>seq319
GGGGAUUGCAAGGUCCA
.(((((((..))))))) 0 Type0
(((((((..))))))). 2.37 Type3
(((((((...))))))) 2.34 Type1
>seq320
GGGGAUGGCAAUGUCCA
.(((((((..))))))) 0 Type0
(((((((..))))))). 0.45 Type3
(((((((...))))))) 2.65 Type1
>seq321
GGGGAGAGCAAUUUCCA
.(((((((..))))))) 0 Type0
(((((((..))))))). 3.93 Type3
(((((((...))))))) 3.34 Type1
..((((((...)))))) 6.97 Type2
>seq322
GGGGAGCGCAAGUUCCA
.(((((((..))))))) 0 Type0
(((((((..))))))). 6.28 Type3
(((((((...))))))) 5.12 Type1
>seq323
GGGGAGUGCAAGUUCCA
.(((((((..))))))) 0 Type0
(((((((..))))))). 2.72 Type3
>seq324
GGGGAGGGCAAUUUCCA
.(((((((..))))))) 0 Type0
(((((((..))))))). 1.01 Type3
(((((((...))))))) 0.57 Type1
..((((((...)))))) 7.01 Type2
>seq325
GGGGCGCGCAAGUGCCA
.(((((((..))))))) 0 Type0
(((((((..))))))). 5.6 Type3
...((((((..)))))) 6.87 Type4
>seq326
GGGGCGUGCAAGUGCCA
.(((((((..))))))) 0 Type0
(((((((..))))))). 2.05 Type3
>seq327
GGGGGUAGCAAUACCCA
.(((((((..))))))) 0 Type0
(((((((..))))))). 3.53 Type3
(((((((...))))))) 5.35 Type1
>seq328
GGGGGUAGCAAUGCCCA
.(((((((..))))))) 0 Type0
(((((((..))))))). 3.41 Type3
(((((((...))))))) 5.23 Type1
..((((((...)))))) 7.37 Type2
>seq329
GGGGGGAGCAAUUCCCA
.(((((((..))))))) 0 Type0
(((((((..))))))). 3.85 Type3
(((((((...))))))) 3.31 Type1
..((((((...)))))) 2.65 Type2
>seq330
GGGGGGCGCAAGUCCCA
.(((((((..))))))) 0 Type0
(((((((..))))))). 5.9 Type3
(((((((...))))))) 5.1 Type1
...((((((..)))))) 6.88 Type4
>seq331
GGGGUUCGCAAGAGCCA
.(((((((..))))))) 0 Type0
(((((((..))))))). 5.91 Type3
(((((((...))))))) 5.24 Type1
>seq332
GGGGUGCGCAAGCGCCA
.(((((((..))))))) 0 Type0
(((((((..))))))). 5.6 Type3
...((((((..)))))) 4.8 Type4
>seq333
GGGGUUCGCAAGGGCCA
.(((((((..))))))) 0 Type0
(((((((..))))))). 5.57 Type3
(((((((...))))))) 5.08 Type1
>seq334
GGGGGUAGCAAUAUCCA
.(((((((..))))))) 0 Type0
(((((((..))))))). 3.55 Type3
(((((((...))))))) 5.38 Type1
>seq335
GGGGGUCGCAAGAUCCA
.(((((((..))))))) 0 Type0
(((((((..))))))). 5.87 Type3
(((((((...))))))) 5.34 Type1
>seq336
GGGGGUGGCAACAUCCA
.(((((((..))))))) 0 Type0
(((((((..))))))). 0.95 Type3
(((((((...))))))) 5.08 Type1
..((((((...)))))) 5.26 Type2
>seq337
GGGGGGAGCAAUCUCCA
.(((((((..))))))) 0 Type0
(((((((..))))))). 3.88 Type3
(((((((...))))))) 3.33 Type1
..((((((...)))))) 6.97 Type2
...((((((..)))))) 4.91 Type4
>seq338
GGGGGGCGCAAGCUCCA
.(((((((..))))))) 0 Type0
(((((((..))))))). 5.9 Type3
(((((((...))))))) 5.1 Type1
...((((((..)))))) 5.62 Type4
>seq339
GGGGGGGGCAACCUCCA
.(((((((..))))))) 0 Type0
(((((((..))))))). 0.94 Type3
(((((((...))))))) 0.55 Type1
..((((((...)))))) 3.09 Type2
...((((((..)))))) 5.84 Type4
>seq340
GGGGGUAGCAAUGUCCA
.(((((((..))))))) 0 Type0
(((((((..))))))). 3.4 Type3
(((((((...))))))) 5.23 Type1
..((((((...)))))) 4.98 Type2
>seq341
GGGGGUGGCAACGUCCA
.(((((((..))))))) 0 Type0
(((((((..))))))). 0.61 Type3
(((((((...))))))) 4.74 Type1
..((((((...)))))) 4.91 Type2
>seq342
GGGGGGAGCAAUUUCCA
.(((((((..))))))) 0 Type0
(((((((..))))))). 3.85 Type3
(((((((...))))))) 3.3 Type1
..((((((...)))))) 2.68 Type2
...((((((..)))))) 4.85 Type4
>seq343
GGGGGGCGCAAGUUCCA
.(((((((..))))))) 0 Type0
(((((((..))))))). 5.9 Type3
(((((((...))))))) 5.1 Type1
...((((((..)))))) 5.58 Type4
>seq344
GGGGGGGGCAACUUCCA
.(((((((..))))))) 0 Type0
(((((((..))))))). 0.94 Type3
(((((((...))))))) 0.55 Type1
..((((((...)))))) 3.09 Type2
...((((((..)))))) 5.84 Type4
>seq345
GGGUUUCGCAAGAAGCA
.(((((((..))))))) 0 Type0
(((((((..))))))). 5.91 Type3
(((((((...))))))) 5.24 Type1
>seq346
GGGUUUCGCAAGGAGCA
.(((((((..))))))) 0 Type0
(((((((..))))))). 5.81 Type3
(((((((...))))))) 5.13 Type1
>seq347
GGGUAUCGCAAGAUGCA
.(((((((..))))))) 0 Type0
(((((((..))))))). 5.7 Type3
>seq348
GGGUAUCGCAAGGUGCA
.(((((((..))))))) 0 Type0
(((((((..))))))). 5.61 Type3
>seq349
GGGGUUCGCAAGAAUCA
.(((((((..))))))) 0 Type0
(((((((..))))))). 5.97 Type3
(((((((...))))))) 5.35 Type1
>seq350
GGGGUGCGCAAGCAUCA
.(((((((..))))))) 0 Type0
(((((((..))))))). 5.94 Type3
>seq351
GGGGUGUGCAAGCAUCA
.(((((((..))))))) 0 Type0
(((((((..))))))). 2.39 Type3
...((((((..)))))) 4.8 Type4
>seq352
GGGGUUCGCAAGGAUCA
.(((((((..))))))) 0 Type0
(((((((..))))))). 5.71 Type3
(((((((...))))))) 5.23 Type1
..((((((...)))))) 6.09 Type2
>seq353
GGGGUGCGCAAGUAUCA
.(((((((..))))))) 0 Type0
(((((((..))))))). 5.91 Type3
(((((((...))))))) 7.22 Type1
>seq354
GGGGAUCGCAAGAUUCA
.(((((((..))))))) 0 Type0
(((((((..))))))). 6.2 Type3
(((((((...))))))) 7.14 Type1
>seq355
GGGGAGAGCAAUCUUCA
.(((((((..))))))) 0 Type0
(((((((..))))))). 3.88 Type3
(((((((...))))))) 7.57 Type1
..((((((...)))))) 6.92 Type2
>seq356
GGGGAGCGCAAGCUUCA
.(((((((..))))))) 0 Type0
(((((((..))))))). 6.23 Type3
>seq357
GGGGAGUGCAAGCUUCA
.(((((((..))))))) 0 Type0
(((((((..))))))). 2.68 Type3
...((((((..)))))) 6.67 Type4
>seq358
GGGGAGGGCAAUCUUCA
.(((((((..))))))) 0 Type0
(((((((..))))))). 0.94 Type3
(((((((...))))))) 4.79 Type1
..((((((...)))))) 2.68 Type2
>seq359
GGGGAUCGCAAGGUUCA
.(((((((..))))))) 0 Type0
(((((((..))))))). 5.8 Type3
(((((((...))))))) 5.32 Type1
..((((((...)))))) 6.14 Type2
>seq360
GGGGAGCGCAAGUUUCA
.(((((((..))))))) 0 Type0
(((((((..))))))). 6.25 Type3
(((((((...))))))) 5.09 Type1
>seq361
GGGGGGAGCAAUCCUCA
.(((((((..))))))) 0 Type0
(((((((..))))))). 3.88 Type3
(((((((...))))))) 3.33 Type1
..((((((...)))))) 6.97 Type2
>seq362
GGGGUGCGCAAGCGUCA
.(((((((..))))))) 0 Type0
(((((((..))))))). 5.6 Type3
...((((((..)))))) 4.79 Type4
>seq363
GGGGGGAGCAAUCUUCA
.(((((((..))))))) 0 Type0
(((((((..))))))). 3.88 Type3
(((((((...))))))) 3.33 Type1
..((((((...)))))) 6.97 Type2
...((((((..)))))) 4.94 Type4
>seq364
GGGGGGCGCAAGCUUCA
.(((((((..))))))) 0 Type0
(((((((..))))))). 5.9 Type3
(((((((...))))))) 5.1 Type1
...((((((..)))))) 5.61 Type4
>seq365
GGGGGGGGCAACCUUCA
.(((((((..))))))) 0 Type0
(((((((..))))))). 0.94 Type3
(((((((...))))))) 0.55 Type1
..((((((...)))))) 3.09 Type2
...((((((..)))))) 5.84 Type4
>seq366
GGUUUUCGCAAGGAAGA
.(((((((..))))))) 0 Type0
(((((((..))))))). 5.13 Type3
(((((((...))))))) 5.12 Type1
..((((((...)))))) 4.01 Type2
...((((((..)))))) 5.88 Type4
>seq367
GGUAUUCGCAAGGAUGA
.(((((((..))))))) 0 Type0
(((((((..))))))). 4.92 Type3
>seq368
GGUCUUCGCAAGGAGGA
.(((((((..))))))) 0 Type0
(((((((..))))))). 4.84 Type3
..((((((...)))))) 3.92 Type2
>seq369
GGUGUUCGCAAGAACGA
.(((((((..))))))) 0 Type0
(((((((..))))))). 4.93 Type3
>seq370
GGUGUGCGCAAGCACGA
.(((((((..))))))) 0 Type0
(((((((..))))))). 4.92 Type3
...((((((..)))))) 6.07 Type4
>seq371
GGUGUUCGCAAGGACGA
.(((((((..))))))) 0 Type0
(((((((..))))))). 4.5 Type3
>seq372
GGUGUGCGCAAGUACGA
.(((((((..))))))) 0 Type0
(((((((..))))))). 4.92 Type3
>seq373
GGUGUGCGCAAGCAUGA
.(((((((..))))))) 0 Type0
(((((((..))))))). 4.93 Type3
>seq374
GGGUUUCGCAAGGAAUA
.(((((((..))))))) 0 Type0
(((((((..))))))). 5.58 Type3
(((((((...))))))) 5.23 Type1
..((((((...)))))) 6.08 Type2
>seq375
GGGUGUAGCAAUGCAUA
.(((((((..))))))) 0 Type0
(((((((..))))))). 3.45 Type3
>seq376
GGGUGUCGCAAGGCAUA
.(((((((..))))))) 0 Type0
(((((((..))))))). 5.34 Type3
>seq377
GGGAUGCGCAAGUAUUA
.(((((((..))))))) 0 Type0
(((((((..))))))). 5.71 Type3
>seq378
GGGAAUCGCAAGGUUUA
.(((((((..))))))) 0 Type0
(((((((..))))))). 5.82 Type3
(((((((...))))))) 5.38 Type1
..((((((...)))))) 6.11 Type2
>seq379
GGGAAGCGCAAGUUUUA
.(((((((..))))))) 0 Type0
(((((((..))))))). 6.03 Type3
(((((((...))))))) 5.09 Type1
>seq380
GGGAGUAGCAAUGCUUA
.(((((((..))))))) 0 Type0
(((((((..))))))). 3.49 Type3
>seq381
GGGAGUCGCAAGGCUUA
.(((((((..))))))) 0 Type0
(((((((..))))))). 5.59 Type3
>seq382
GGGAGGAGCAAUUCUUA
.(((((((..))))))) 0 Type0
(((((((..))))))). 3.53 Type3
..((((((...)))))) 2.58 Type2
>seq383
GGGAGGCGCAAGUCUUA
.(((((((..))))))) 0 Type0
(((((((..))))))). 5.57 Type3
>seq384
GGGCUUCGCAAGGAGUA
.(((((((..))))))) 0 Type0
(((((((..))))))). 5.55 Type3
>seq385
GGGCAUCGCAAGGUGUA
.(((((((..))))))) 0 Type0
(((((((..))))))). 5.37 Type3
>seq386
GGGGUUCGCAAGAACUA
.(((((((..))))))) 0 Type0
(((((((..))))))). 5.66 Type3
(((((((...))))))) 5.31 Type1
>seq387
GGGGUGCGCAAGCACUA
.(((((((..))))))) 0 Type0
(((((((..))))))). 5.62 Type3
...((((((..)))))) 7.1 Type4
>seq388
GGGGUUCGCAAGGACUA
.(((((((..))))))) 0 Type0
(((((((..))))))). 5.41 Type3
(((((((...))))))) 5.2 Type1
>seq389
GGGGUGCGCAAGUACUA
.(((((((..))))))) 0 Type0
(((((((..))))))). 5.61 Type3
(((((((...))))))) 7.2 Type1
...((((((..)))))) 7.07 Type4
>seq390
GGGGAGCGCAAGCUCUA
.(((((((..))))))) 0 Type0
(((((((..))))))). 5.98 Type3
...((((((..)))))) 5.59 Type4
>seq391
GGGGAUCGCAAGGUCUA
.(((((((..))))))) 0 Type0
(((((((..))))))). 5.54 Type3
(((((((...))))))) 5.34 Type1
>seq392
GGGGAGCGCAAGUUCUA
.(((((((..))))))) 0 Type0
(((((((..))))))). 6.0 Type3
(((((((...))))))) 5.12 Type1
...((((((..)))))) 5.58 Type4
>seq393
GGGGGUAGCAAUACCUA
.(((((((..))))))) 0 Type0
(((((((..))))))). 3.24 Type3
(((((((...))))))) 5.35 Type1
>seq394
GGGGGGAGCAAUCCCUA
.(((((((..))))))) 0 Type0
(((((((..))))))). 3.6 Type3
(((((((...))))))) 3.33 Type1
..((((((...)))))) 6.96 Type2
>seq395
GGGGGUAGCAAUGCCUA
.(((((((..))))))) 0 Type0
(((((((..))))))). 3.13 Type3
(((((((...))))))) 5.23 Type1
>seq396
GGGGGGAGCAAUUCCUA
.(((((((..))))))) 0 Type0
(((((((..))))))). 3.58 Type3
(((((((...))))))) 3.31 Type1
..((((((...)))))) 2.66 Type2
>seq397
GGGGGGCGCAAGUCCUA
.(((((((..))))))) 0 Type0
(((((((..))))))). 5.63 Type3
(((((((...))))))) 5.1 Type1
>seq398
GGGGUGCGCAAGCAUUA
.(((((((..))))))) 0 Type0
(((((((..))))))). 5.65 Type3
>seq399
GGGGAGCGCAAGCUUUA
.(((((((..))))))) 0 Type0
(((((((..))))))). 5.95 Type3
...((((((..)))))) 5.53 Type4
>seq400
GGGGGGAGCAAUCCUUA
.(((((((..))))))) 0 Type0
(((((((..))))))). 3.6 Type3
(((((((...))))))) 3.33 Type1
>seq401
CGUUUUAGCAAUGAAGA
.(((((((..))))))) 0 Type0
(((((((..))))))). 2.98 Type3
..((((((...)))))) 2.8 Type2
>seq402
CGUUUUCGCAAGGAAGA
.(((((((..))))))) 0 Type0
(((((((..))))))). 2.98 Type3
(((((((...))))))) 6.59 Type1
..((((((...)))))) 4.01 Type2
...((((((..)))))) 5.88 Type4
>seq403
CGUAUUAGCAAUGAUGA
.(((((((..))))))) 0 Type0
(((((((..))))))). 3.07 Type3
..((((((...)))))) 4.99 Type2
>seq404
CGUAUUCGCAAGGAUGA
.(((((((..))))))) 0 Type0
(((((((..))))))). 3.06 Type3
>seq405
CGUCUUCGCAAGGAGGA
.(((((((..))))))) 0 Type0
(((((((..))))))). 2.65 Type3
..((((((...)))))) 3.92 Type2
>seq406
CGUGUUCGCAAGAACGA
.(((((((..))))))) 0 Type0
(((((((..))))))). 3.08 Type3
>seq407
CGUGUGCGCAAGCACGA
.(((((((..))))))) 0 Type0
(((((((..))))))). 3.06 Type3
...((((((..)))))) 6.07 Type4
>seq408
CGUGUUCGCAAGGACGA
.(((((((..))))))) 0 Type0
(((((((..))))))). 2.65 Type3
>seq409
CGUGUGAGCAAUUACGA
.(((((((..))))))) 0 Type0
(((((((..))))))). 3.15 Type3
>seq410
CGUGUGCGCAAGUACGA
.(((((((..))))))) 0 Type0
(((((((..))))))). 3.07 Type3
...((((((..)))))) 6.03 Type4
>seq411
CGUGUGCGCAAGCAUGA
.(((((((..))))))) 0 Type0
(((((((..))))))). 3.08 Type3
...((((((..)))))) 6.09 Type4
